TN:
SF:scripts\class\feedback.js
FN:4,(anonymous_0)
FN:10,(anonymous_1)
FNF:2
FNH:2
FNDA:2,(anonymous_0)
FNDA:2,(anonymous_1)
DA:5,2
DA:6,2
DA:7,2
DA:11,2
DA:13,10
DA:14,4
DA:18,6
DA:19,30
DA:20,5
DA:28,1
LF:10
LH:10
BRDA:13,0,0,4
BRDA:13,0,1,6
BRDA:19,1,0,5
BRDA:19,1,1,25
BRF:4
BRH:4
end_of_record
TN:
SF:scripts\class\gameBoard.js
FN:4,(anonymous_0)
FN:20,(anonymous_1)
FNF:2
FNH:2
FNDA:1,(anonymous_0)
FNDA:1,(anonymous_1)
DA:5,1
DA:6,1
DA:7,1
DA:17,1
DA:21,1
DA:22,1
DA:24,3
DA:25,3
DA:27,1
DA:31,1
LF:10
LH:10
BRF:0
BRH:0
end_of_record
TN:
SF:scripts\class\player.js
FN:4,(anonymous_0)
FN:11,(anonymous_1)
FN:16,(anonymous_2)
FN:21,(anonymous_3)
FN:26,(anonymous_4)
FN:30,(anonymous_5)
FNF:6
FNH:6
FNDA:8,(anonymous_0)
FNDA:3,(anonymous_1)
FNDA:2,(anonymous_2)
FNDA:2,(anonymous_3)
FNDA:1,(anonymous_4)
FNDA:2,(anonymous_5)
DA:5,8
DA:6,8
DA:7,8
DA:8,8
DA:12,3
DA:13,3
DA:17,2
DA:18,2
DA:22,2
DA:23,2
DA:27,1
DA:31,2
DA:32,2
DA:36,1
LF:14
LH:14
BRF:0
BRH:0
end_of_record
